<?xml version="1.0" encoding="utf-8"?><testsuites name="pytest tests"><testsuite name="pytest" errors="0" failures="0" skipped="0" tests="11" time="2.224" timestamp="2026-08-21T09:45:57.390938+00:00" hostname="agent-env-933130ab-8ee4-42f0-ad6e-540da1dad9ff"><testcase classname="tests.test_admin_stats_reminders.TestAdminStats" name="test_stats_fields_and_counts" time="0.294" /><testcase classname="tests.test_admin_stats_reminders.TestAdminStats" name="test_stats_requires_auth" time="0.123" /><testcase classname="tests.test_admin_stats_reminders.TestMastersStats" name="test_masters_stats_flat_fields" time="0.077" /><testcase classname="tests.test_admin_stats_reminders.TestMastersStats" name="test_masters_stats_admin_only" time="0.155" /><testcase classname="tests.test_admin_stats_reminders.TestMonthlyStats" name="test_monthly_structure_and_values" time="0.068" /><testcase classname="tests.test_admin_stats_reminders.TestMonthlyStats" name="test_monthly_master_filter" time="0.072" /><testcase classname="tests.test_admin_stats_reminders.TestMonthlyStats" name="test_monthly_missing_year_returns_422" time="0.063" /><testcase classname="tests.test_admin_stats_reminders.TestReminderMasterNotification" name="test_reminder_sets_master_notified_flag" time="0.348" /><testcase classname="tests.test_admin_stats_reminders.TestReminderMasterNotification" name="test_cleanup_created_bookings" time="0.067" /><testcase classname="tests.test_admin_stats_reminders.TestRegression" name="test_create_and_cancel_booking" time="0.772" /><testcase classname="tests.test_admin_stats_reminders.TestRegression" name="test_settings_fields" time="0.129" /></testsuite></testsuites>