<?xml version="1.0" encoding="utf-8"?><testsuites name="pytest tests"><testsuite name="pytest" errors="0" failures="0" skipped="0" tests="10" time="20.182" timestamp="2026-08-24T08:29:06.694473+00:00" hostname="agent-env-933130ab-8ee4-42f0-ad6e-540da1dad9ff"><testcase classname="tests.test_unified_telegram_notifications.TestUnifiedMessageDispatch" name="test_new_booking_dispatches_three_full_messages" time="0.223" /><testcase classname="tests.test_unified_telegram_notifications.TestUnifiedMessageDispatch" name="test_cancellation_flow_dispatches_three_full_messages" time="0.001" /><testcase classname="tests.test_unified_telegram_notifications.TestUnifiedMessageDispatch" name="test_unsubscribed_client_marks_not_delivered" time="0.001" /><testcase classname="tests.test_unified_telegram_notifications.TestBookingNotificationE2E" name="test_create_booking_dispatches_without_error" time="6.593" /><testcase classname="tests.test_unified_telegram_notifications.TestBookingNotificationE2E" name="test_client_cancel_dispatches_without_error" time="6.407" /><testcase classname="tests.test_unified_telegram_notifications.TestBookingNotificationE2E" name="test_admin_cancel_dispatches_without_error" time="6.525" /><testcase classname="tests.test_unified_telegram_notifications.TestRegressions" name="test_no_legacy_notify_admin_calls_in_routes" time="0.003" /><testcase classname="tests.test_unified_telegram_notifications.TestRegressions" name="test_admin_stats_flat_fields" time="0.102" /><testcase classname="tests.test_unified_telegram_notifications.TestRegressions" name="test_admin_stats_masters" time="0.126" /><testcase classname="tests.test_unified_telegram_notifications.TestRegressions" name="test_admin_stats_monthly" time="0.066" /></testsuite></testsuites>