<?xml version="1.0" encoding="utf-8"?><testsuites name="pytest tests"><testsuite name="pytest" errors="0" failures="0" skipped="0" tests="10" time="1.227" timestamp="2026-01-11T09:17:58.881802+00:00" hostname="agent-env-bba28e1c-2014-4d8e-b2b3-b757d0570d96"><testcase classname="tests.test_promo_blocks.TestAdminAuth" name="test_admin_login_success" time="0.065" /><testcase classname="tests.test_promo_blocks.TestAdminAuth" name="test_admin_login_invalid_credentials" time="0.035" /><testcase classname="tests.test_promo_blocks.TestPromoBlocksCRUD" name="test_get_promo_blocks_public" time="0.093" /><testcase classname="tests.test_promo_blocks.TestPromoBlocksCRUD" name="test_get_promo_blocks_admin" time="0.072" /><testcase classname="tests.test_promo_blocks.TestPromoBlocksCRUD" name="test_create_promo_block" time="0.115" /><testcase classname="tests.test_promo_blocks.TestPromoBlocksCRUD" name="test_update_promo_block" time="0.154" /><testcase classname="tests.test_promo_blocks.TestPromoBlocksCRUD" name="test_toggle_visibility" time="0.209" /><testcase classname="tests.test_promo_blocks.TestPromoBlocksCRUD" name="test_delete_promo_block" time="0.139" /><testcase classname="tests.test_promo_blocks.TestGalleryEndpoint" name="test_get_gallery_public" time="0.067" /><testcase classname="tests.test_promo_blocks.TestGalleryEndpoint" name="test_get_gallery_admin" time="0.170" /></testsuite></testsuites>