<?xml version="1.0" encoding="utf-8"?><testsuites name="pytest tests"><testsuite name="pytest" errors="0" failures="0" skipped="0" tests="19" time="1.790" timestamp="2026-04-10T12:47:04.615666+00:00" hostname="agent-env-66f54822-3ab2-438b-b393-718f15c94777"><testcase classname="backend.tests.test_telegram_notifications.TestMasterLogin" name="test_master_login_success" time="0.194" /><testcase classname="backend.tests.test_telegram_notifications.TestMasterLogin" name="test_master_login_invalid_credentials" time="0.048" /><testcase classname="backend.tests.test_telegram_notifications.TestGetMasterWithTelegramFields" name="test_get_master_returns_telegram_fields" time="0.051" /><testcase classname="backend.tests.test_telegram_notifications.TestPatchMasterTelegram" name="test_save_telegram_config" time="0.047" /><testcase classname="backend.tests.test_telegram_notifications.TestPatchMasterTelegram" name="test_verify_telegram_config_persisted" time="0.051" /><testcase classname="backend.tests.test_telegram_notifications.TestPatchMasterTelegram" name="test_disable_telegram_notifications" time="0.048" /><testcase classname="backend.tests.test_telegram_notifications.TestPatchMasterTelegram" name="test_clear_telegram_config" time="0.102" /><testcase classname="backend.tests.test_telegram_notifications.TestTelegramAccessControl" name="test_master_cannot_modify_other_master_telegram" time="0.053" /><testcase classname="backend.tests.test_telegram_notifications.TestTelegramAccessControl" name="test_master_cannot_test_other_master_telegram" time="0.048" /><testcase classname="backend.tests.test_telegram_notifications.TestTelegramAccessControl" name="test_master_cannot_reset_other_master_notifications" time="0.048" /><testcase classname="backend.tests.test_telegram_notifications.TestTelegramAccessControl" name="test_unauthenticated_cannot_access_telegram_endpoints" time="0.043" /><testcase classname="backend.tests.test_telegram_notifications.TestTestTelegramEndpoint" name="test_test_telegram_without_config" time="0.093" /><testcase classname="backend.tests.test_telegram_notifications.TestTestTelegramEndpoint" name="test_test_telegram_with_invalid_token" time="0.493" /><testcase classname="backend.tests.test_telegram_notifications.TestResetNotificationsEndpoint" name="test_reset_notifications_counter" time="0.062" /><testcase classname="backend.tests.test_telegram_notifications.TestResetNotificationsEndpoint" name="test_verify_counter_reset_persisted" time="0.045" /><testcase classname="backend.tests.test_telegram_notifications.TestResetNotificationsEndpoint" name="test_reset_nonexistent_master" time="0.103" /><testcase classname="backend.tests.test_telegram_notifications.TestAdminAccessToTelegramEndpoints" name="test_admin_can_view_master_telegram_settings" time="0.045" /><testcase classname="backend.tests.test_telegram_notifications.TestAdminAccessToTelegramEndpoints" name="test_admin_can_modify_master_telegram_settings" time="0.062" /><testcase classname="backend.tests.test_telegram_notifications.TestAdminAccessToTelegramEndpoints" name="test_admin_can_reset_master_notifications" time="0.096" /></testsuite></testsuites>